<?xml version="1.0" encoding="UTF-8"?><testrun name="CalculatorTest.initialize" project="week1 OOP" tests="1" started="1" failures="0" errors="1" ignored="0">
  <testcase name="initialize" classname="calculator.CalculatorTest" incomplete="true"/>
  <testsuite name="Unrooted Tests" time="0.0">
    <testcase name="initializationError" classname="org.junit.runner.manipulation.Filter" time="0.0">
      <error>java.lang.Exception: No tests found matching Method initialize(calculator.CalculatorTest) from org.junit.internal.requests.ClassRequest@17a7cec2&#13;
	at org.junit.internal.requests.FilterRequest.getRunner(FilterRequest.java:35)&#13;
	at org.eclipse.jdt.internal.junit4.runner.JUnit4TestReference.&lt;init&gt;(JUnit4TestReference.java:33)&#13;
	at org.eclipse.jdt.internal.junit4.runner.JUnit4TestMethodReference.&lt;init&gt;(JUnit4TestMethodReference.java:25)&#13;
	at org.eclipse.jdt.internal.junit4.runner.JUnit4TestLoader.createTest(JUnit4TestLoader.java:54)&#13;
	at org.eclipse.jdt.internal.junit4.runner.JUnit4TestLoader.loadTests(JUnit4TestLoader.java:38)&#13;
	at org.eclipse.jdt.internal.junit.runner.RemoteTestRunner.runTests(RemoteTestRunner.java:452)&#13;
	at org.eclipse.jdt.internal.junit.runner.RemoteTestRunner.runTests(RemoteTestRunner.java:683)&#13;
	at org.eclipse.jdt.internal.junit.runner.RemoteTestRunner.run(RemoteTestRunner.java:390)&#13;
	at org.eclipse.jdt.internal.junit.runner.RemoteTestRunner.main(RemoteTestRunner.java:197)&#13;
&#13;
</error>
    </testcase>
  </testsuite>
</testrun>
